2019-07-24 09:24:45,173 [main] INFO  [c.u.j.c.EnableEncryptablePropertiesBeanFactoryPostProcessor] EnableEncryptablePropertiesBeanFactoryPostProcessor.java:50 - Post-processing PropertySource instances
2019-07-24 09:24:45,238 [main] INFO  [c.u.j.EncryptablePropertySourceConverter] EncryptablePropertySourceConverter.java:38 - Converting PropertySource configurationProperties [org.springframework.boot.context.properties.source.ConfigurationPropertySourcesPropertySource] to AOP Proxy
2019-07-24 09:24:45,240 [main] INFO  [c.u.j.EncryptablePropertySourceConverter] EncryptablePropertySourceConverter.java:38 - Converting PropertySource gateway-properties [org.springframework.core.env.MapPropertySource] to EncryptableMapPropertySourceWrapper
2019-07-24 09:24:45,241 [main] INFO  [c.u.j.EncryptablePropertySourceConverter] EncryptablePropertySourceConverter.java:38 - Converting PropertySource bootstrap [org.springframework.core.env.MapPropertySource] to EncryptableMapPropertySourceWrapper
2019-07-24 09:24:45,241 [main] INFO  [c.u.j.EncryptablePropertySourceConverter] EncryptablePropertySourceConverter.java:38 - Converting PropertySource systemProperties [org.springframework.core.env.PropertiesPropertySource] to EncryptableMapPropertySourceWrapper
2019-07-24 09:24:45,241 [main] INFO  [c.u.j.EncryptablePropertySourceConverter] EncryptablePropertySourceConverter.java:38 - Converting PropertySource systemEnvironment [org.springframework.boot.env.SystemEnvironmentPropertySourceEnvironmentPostProcessor$OriginAwareSystemEnvironmentPropertySource] to EncryptableMapPropertySourceWrapper
2019-07-24 09:24:45,242 [main] INFO  [c.u.j.EncryptablePropertySourceConverter] EncryptablePropertySourceConverter.java:38 - Converting PropertySource random [org.springframework.boot.env.RandomValuePropertySource] to EncryptablePropertySourceWrapper
2019-07-24 09:24:45,242 [main] INFO  [c.u.j.EncryptablePropertySourceConverter] EncryptablePropertySourceConverter.java:38 - Converting PropertySource springCloudClientHostInfo [org.springframework.core.env.MapPropertySource] to EncryptableMapPropertySourceWrapper
2019-07-24 09:24:45,242 [main] INFO  [c.u.j.EncryptablePropertySourceConverter] EncryptablePropertySourceConverter.java:38 - Converting PropertySource applicationConfig: [classpath:/bootstrap.yml] [org.springframework.boot.env.OriginTrackedMapPropertySource] to EncryptableMapPropertySourceWrapper
2019-07-24 09:24:45,242 [main] INFO  [c.u.j.EncryptablePropertySourceConverter] EncryptablePropertySourceConverter.java:38 - Converting PropertySource defaultProperties [org.springframework.core.env.MapPropertySource] to EncryptableMapPropertySourceWrapper
2019-07-24 09:24:45,263 [main] INFO  [o.s.c.s.PostProcessorRegistrationDelegate$BeanPostProcessorChecker] PostProcessorRegistrationDelegate.java:330 - Bean 'org.springframework.cloud.autoconfigure.ConfigurationPropertiesRebinderAutoConfiguration' of type [org.springframework.cloud.autoconfigure.ConfigurationPropertiesRebinderAutoConfiguration$$EnhancerBySpringCGLIB$$3480273f] is not eligible for getting processed by all BeanPostProcessors (for example: not eligible for auto-proxying)
2019-07-24 09:24:45,281 [main] INFO  [c.u.j.filter.DefaultLazyPropertyFilter] DefaultLazyPropertyFilter.java:31 - Property Filter custom Bean not found with name 'encryptablePropertyFilter'. Initializing Default Property Filter
2019-07-24 09:24:45,284 [main] INFO  [c.u.j.resolver.DefaultLazyPropertyResolver] DefaultLazyPropertyResolver.java:31 - Property Resolver custom Bean not found with name 'encryptablePropertyResolver'. Initializing Default Property Resolver
2019-07-24 09:24:45,286 [main] INFO  [c.u.j.detector.DefaultLazyPropertyDetector] DefaultLazyPropertyDetector.java:30 - Property Detector custom Bean not found with name 'encryptablePropertyDetector'. Initializing Default Property Detector
2019-07-24 09:24:45,402 [main] INFO  [o.s.cloud.netflix.eureka.InstanceInfoFactory] InstanceInfoFactory.java:72 - Setting initial instance status as: STARTING
2019-07-24 09:24:45,459 [main] INFO  [com.netflix.discovery.DiscoveryClient] DiscoveryClient.java:365 - Initializing Eureka in region us-east-1
2019-07-24 09:24:45,644 [main] INFO  [c.n.discovery.provider.DiscoveryJerseyProvider] DiscoveryJerseyProvider.java:70 - Using JSON encoding codec LegacyJacksonJson
2019-07-24 09:24:45,645 [main] INFO  [c.n.discovery.provider.DiscoveryJerseyProvider] DiscoveryJerseyProvider.java:71 - Using JSON decoding codec LegacyJacksonJson
2019-07-24 09:24:45,751 [main] INFO  [c.n.discovery.provider.DiscoveryJerseyProvider] DiscoveryJerseyProvider.java:80 - Using XML encoding codec XStreamXml
2019-07-24 09:24:45,752 [main] INFO  [c.n.discovery.provider.DiscoveryJerseyProvider] DiscoveryJerseyProvider.java:81 - Using XML decoding codec XStreamXml
2019-07-24 09:24:45,946 [main] INFO  [c.n.d.shared.resolver.aws.ConfigClusterResolver] ConfigClusterResolver.java:43 - Resolving eureka endpoints via configuration
2019-07-24 09:24:45,985 [main] INFO  [com.netflix.discovery.DiscoveryClient] DiscoveryClient.java:976 - Disable delta property : false
2019-07-24 09:24:45,985 [main] INFO  [com.netflix.discovery.DiscoveryClient] DiscoveryClient.java:977 - Single vip registry refresh property : null
2019-07-24 09:24:45,985 [main] INFO  [com.netflix.discovery.DiscoveryClient] DiscoveryClient.java:978 - Force full registry fetch : false
2019-07-24 09:24:45,985 [main] INFO  [com.netflix.discovery.DiscoveryClient] DiscoveryClient.java:979 - Application is null : false
2019-07-24 09:24:45,985 [main] INFO  [com.netflix.discovery.DiscoveryClient] DiscoveryClient.java:980 - Registered Applications size is zero : true
2019-07-24 09:24:45,986 [main] INFO  [com.netflix.discovery.DiscoveryClient] DiscoveryClient.java:982 - Application version is -1: true
2019-07-24 09:24:45,986 [main] INFO  [com.netflix.discovery.DiscoveryClient] DiscoveryClient.java:1065 - Getting all instance registry info from the eureka server
2019-07-24 09:24:46,253 [main] INFO  [com.netflix.discovery.DiscoveryClient] DiscoveryClient.java:1074 - The response status is 200
2019-07-24 09:24:46,257 [main] INFO  [com.netflix.discovery.DiscoveryClient] DiscoveryClient.java:1335 - Not registering with Eureka server per configuration
2019-07-24 09:24:46,262 [main] INFO  [com.netflix.discovery.DiscoveryClient] DiscoveryClient.java:465 - Discovery Client initialized at timestamp 1563931486261 with initial instances count: 2
2019-07-24 09:24:46,291 [main] INFO  [o.s.c.n.e.serviceregistry.EurekaServiceRegistry] EurekaServiceRegistry.java:41 - Registering application PIG-GATEWAY with eureka with status UP
2019-07-24 09:24:46,630 [main] INFO  [c.u.j.c.EnableEncryptablePropertiesConfiguration] EnableEncryptablePropertiesConfiguration.java:69 - Bootstraping jasypt-string-boot auto configuration in context: pig-gateway-1
2019-07-24 09:24:46,630 [main] INFO  [com.pig4cloud.pig.gateway.PigGatewayApplication] SpringApplication.java:650 - The following profiles are active: dev
2019-07-24 09:24:47,358 [main] INFO  [o.s.d.r.config.RepositoryConfigurationDelegate] RepositoryConfigurationDelegate.java:244 - Multiple Spring Data modules found, entering strict repository configuration mode!
2019-07-24 09:24:47,361 [main] INFO  [o.s.d.r.config.RepositoryConfigurationDelegate] RepositoryConfigurationDelegate.java:126 - Bootstrapping Spring Data repositories in DEFAULT mode.
2019-07-24 09:24:47,392 [main] INFO  [o.s.d.r.config.RepositoryConfigurationDelegate] RepositoryConfigurationDelegate.java:182 - Finished Spring Data repository scanning in 18ms. Found 0 repository interfaces.
2019-07-24 09:24:47,445 [main] WARN  [o.springframework.boot.actuate.endpoint.EndpointId] EndpointId.java:131 - Endpoint ID 'service-registry' contains invalid characters, please migrate to a valid format.
2019-07-24 09:24:47,521 [main] WARN  [o.springframework.boot.actuate.endpoint.EndpointId] EndpointId.java:131 - Endpoint ID 'hystrix.stream' contains invalid characters, please migrate to a valid format.
2019-07-24 09:24:47,774 [main] INFO  [o.springframework.cloud.context.scope.GenericScope] GenericScope.java:295 - BeanFactory id=7c24ad7d-d73b-3dae-a417-5834c5a85a7d
2019-07-24 09:24:47,786 [main] INFO  [c.u.j.c.EnableEncryptablePropertiesBeanFactoryPostProcessor] EnableEncryptablePropertiesBeanFactoryPostProcessor.java:50 - Post-processing PropertySource instances
2019-07-24 09:24:47,803 [main] INFO  [c.u.j.EncryptablePropertySourceConverter] EncryptablePropertySourceConverter.java:38 - Converting PropertySource bootstrapProperties [org.springframework.core.env.CompositePropertySource] to EncryptableEnumerablePropertySourceWrapper
2019-07-24 09:24:47,803 [main] INFO  [c.u.j.EncryptablePropertySourceConverter] EncryptablePropertySourceConverter.java:38 - Converting PropertySource configurationProperties [org.springframework.boot.context.properties.source.ConfigurationPropertySourcesPropertySource] to AOP Proxy
2019-07-24 09:24:47,803 [main] INFO  [c.u.j.EncryptablePropertySourceConverter] EncryptablePropertySourceConverter.java:38 - Converting PropertySource gateway-properties [org.springframework.core.env.MapPropertySource] to EncryptableMapPropertySourceWrapper
2019-07-24 09:24:47,804 [main] INFO  [c.u.j.EncryptablePropertySourceConverter] EncryptablePropertySourceConverter.java:38 - Converting PropertySource systemProperties [org.springframework.core.env.PropertiesPropertySource] to EncryptableMapPropertySourceWrapper
2019-07-24 09:24:47,804 [main] INFO  [c.u.j.EncryptablePropertySourceConverter] EncryptablePropertySourceConverter.java:38 - Converting PropertySource systemEnvironment [org.springframework.boot.env.SystemEnvironmentPropertySourceEnvironmentPostProcessor$OriginAwareSystemEnvironmentPropertySource] to EncryptableMapPropertySourceWrapper
2019-07-24 09:24:47,804 [main] INFO  [c.u.j.EncryptablePropertySourceConverter] EncryptablePropertySourceConverter.java:38 - Converting PropertySource random [org.springframework.boot.env.RandomValuePropertySource] to EncryptablePropertySourceWrapper
2019-07-24 09:24:47,804 [main] INFO  [c.u.j.EncryptablePropertySourceConverter] EncryptablePropertySourceConverter.java:38 - Converting PropertySource springCloudClientHostInfo [org.springframework.core.env.MapPropertySource] to EncryptableMapPropertySourceWrapper
2019-07-24 09:24:47,804 [main] INFO  [c.u.j.EncryptablePropertySourceConverter] EncryptablePropertySourceConverter.java:38 - Converting PropertySource defaultProperties [org.springframework.core.env.MapPropertySource] to EncryptableMapPropertySourceWrapper
2019-07-24 09:24:47,817 [main] INFO  [c.u.j.filter.DefaultLazyPropertyFilter] DefaultLazyPropertyFilter.java:31 - Property Filter custom Bean not found with name 'encryptablePropertyFilter'. Initializing Default Property Filter
2019-07-24 09:24:48,104 [main] INFO  [o.s.c.s.PostProcessorRegistrationDelegate$BeanPostProcessorChecker] PostProcessorRegistrationDelegate.java:330 - Bean 'org.springframework.cloud.autoconfigure.ConfigurationPropertiesRebinderAutoConfiguration' of type [org.springframework.cloud.autoconfigure.ConfigurationPropertiesRebinderAutoConfiguration$$EnhancerBySpringCGLIB$$3480273f] is not eligible for getting processed by all BeanPostProcessors (for example: not eligible for auto-proxying)
2019-07-24 09:24:48,110 [main] INFO  [o.s.c.s.PostProcessorRegistrationDelegate$BeanPostProcessorChecker] PostProcessorRegistrationDelegate.java:330 - Bean 'org.springframework.cloud.sleuth.instrument.web.client.TraceWebClientAutoConfiguration$NettyConfiguration' of type [org.springframework.cloud.sleuth.instrument.web.client.TraceWebClientAutoConfiguration$NettyConfiguration$$EnhancerBySpringCGLIB$$16fc4ec5] is not eligible for getting processed by all BeanPostProcessors (for example: not eligible for auto-proxying)
2019-07-24 09:24:48,257 [main] INFO  [c.u.j.resolver.DefaultLazyPropertyResolver] DefaultLazyPropertyResolver.java:31 - Property Resolver custom Bean not found with name 'encryptablePropertyResolver'. Initializing Default Property Resolver
2019-07-24 09:24:48,257 [main] INFO  [c.u.j.detector.DefaultLazyPropertyDetector] DefaultLazyPropertyDetector.java:30 - Property Detector custom Bean not found with name 'encryptablePropertyDetector'. Initializing Default Property Detector
2019-07-24 09:24:48,592 [main] WARN  [com.netflix.config.sources.URLConfigurationSource] URLConfigurationSource.java:121 - No URLs will be polled as dynamic configuration sources.
2019-07-24 09:24:48,593 [main] INFO  [com.netflix.config.sources.URLConfigurationSource] URLConfigurationSource.java:122 - To enable URLs as dynamic configuration sources, define System property archaius.configurationSource.additionalUrls or make config.properties available on classpath.
2019-07-24 09:24:48,597 [main] WARN  [com.netflix.config.sources.URLConfigurationSource] URLConfigurationSource.java:121 - No URLs will be polled as dynamic configuration sources.
2019-07-24 09:24:48,598 [main] INFO  [com.netflix.config.sources.URLConfigurationSource] URLConfigurationSource.java:122 - To enable URLs as dynamic configuration sources, define System property archaius.configurationSource.additionalUrls or make config.properties available on classpath.
2019-07-24 09:24:49,593 [main] INFO  [o.s.c.gateway.route.RouteDefinitionRouteLocator] RouteDefinitionRouteLocator.java:119 - Loaded RoutePredicateFactory [After]
2019-07-24 09:24:49,594 [main] INFO  [o.s.c.gateway.route.RouteDefinitionRouteLocator] RouteDefinitionRouteLocator.java:119 - Loaded RoutePredicateFactory [Before]
2019-07-24 09:24:49,594 [main] INFO  [o.s.c.gateway.route.RouteDefinitionRouteLocator] RouteDefinitionRouteLocator.java:119 - Loaded RoutePredicateFactory [Between]
2019-07-24 09:24:49,594 [main] INFO  [o.s.c.gateway.route.RouteDefinitionRouteLocator] RouteDefinitionRouteLocator.java:119 - Loaded RoutePredicateFactory [Cookie]
2019-07-24 09:24:49,594 [main] INFO  [o.s.c.gateway.route.RouteDefinitionRouteLocator] RouteDefinitionRouteLocator.java:119 - Loaded RoutePredicateFactory [Header]
2019-07-24 09:24:49,594 [main] INFO  [o.s.c.gateway.route.RouteDefinitionRouteLocator] RouteDefinitionRouteLocator.java:119 - Loaded RoutePredicateFactory [Host]
2019-07-24 09:24:49,595 [main] INFO  [o.s.c.gateway.route.RouteDefinitionRouteLocator] RouteDefinitionRouteLocator.java:119 - Loaded RoutePredicateFactory [Method]
2019-07-24 09:24:49,595 [main] INFO  [o.s.c.gateway.route.RouteDefinitionRouteLocator] RouteDefinitionRouteLocator.java:119 - Loaded RoutePredicateFactory [Path]
2019-07-24 09:24:49,595 [main] INFO  [o.s.c.gateway.route.RouteDefinitionRouteLocator] RouteDefinitionRouteLocator.java:119 - Loaded RoutePredicateFactory [Query]
2019-07-24 09:24:49,595 [main] INFO  [o.s.c.gateway.route.RouteDefinitionRouteLocator] RouteDefinitionRouteLocator.java:119 - Loaded RoutePredicateFactory [ReadBodyPredicateFactory]
2019-07-24 09:24:49,595 [main] INFO  [o.s.c.gateway.route.RouteDefinitionRouteLocator] RouteDefinitionRouteLocator.java:119 - Loaded RoutePredicateFactory [RemoteAddr]
2019-07-24 09:24:49,595 [main] INFO  [o.s.c.gateway.route.RouteDefinitionRouteLocator] RouteDefinitionRouteLocator.java:119 - Loaded RoutePredicateFactory [Weight]
2019-07-24 09:24:49,596 [main] INFO  [o.s.c.gateway.route.RouteDefinitionRouteLocator] RouteDefinitionRouteLocator.java:119 - Loaded RoutePredicateFactory [CloudFoundryRouteService]
2019-07-24 09:24:50,068 [main] INFO  [o.s.b.actuate.endpoint.web.EndpointLinksResolver] EndpointLinksResolver.java:58 - Exposing 21 endpoint(s) beneath base path '/actuator'
2019-07-24 09:24:50,889 [main] INFO  [com.netflix.discovery.DiscoveryClient] DiscoveryClient.java:906 - Shutting down DiscoveryClient ...
2019-07-24 09:24:50,927 [main] INFO  [com.netflix.discovery.DiscoveryClient] DiscoveryClient.java:929 - Completed shut down of DiscoveryClient
2019-07-24 09:24:51,299 [main] INFO  [o.s.cloud.netflix.eureka.InstanceInfoFactory] InstanceInfoFactory.java:72 - Setting initial instance status as: STARTING
2019-07-24 09:24:51,304 [main] INFO  [com.netflix.discovery.DiscoveryClient] DiscoveryClient.java:365 - Initializing Eureka in region us-east-1
2019-07-24 09:24:51,306 [main] INFO  [c.n.discovery.provider.DiscoveryJerseyProvider] DiscoveryJerseyProvider.java:70 - Using JSON encoding codec LegacyJacksonJson
2019-07-24 09:24:51,306 [main] INFO  [c.n.discovery.provider.DiscoveryJerseyProvider] DiscoveryJerseyProvider.java:71 - Using JSON decoding codec LegacyJacksonJson
2019-07-24 09:24:51,306 [main] INFO  [c.n.discovery.provider.DiscoveryJerseyProvider] DiscoveryJerseyProvider.java:80 - Using XML encoding codec XStreamXml
2019-07-24 09:24:51,306 [main] INFO  [c.n.discovery.provider.DiscoveryJerseyProvider] DiscoveryJerseyProvider.java:81 - Using XML decoding codec XStreamXml
2019-07-24 09:24:51,391 [main] INFO  [c.n.d.shared.resolver.aws.ConfigClusterResolver] ConfigClusterResolver.java:43 - Resolving eureka endpoints via configuration
2019-07-24 09:24:51,392 [main] INFO  [com.netflix.discovery.DiscoveryClient] DiscoveryClient.java:976 - Disable delta property : false
2019-07-24 09:24:51,393 [main] INFO  [com.netflix.discovery.DiscoveryClient] DiscoveryClient.java:977 - Single vip registry refresh property : null
2019-07-24 09:24:51,393 [main] INFO  [com.netflix.discovery.DiscoveryClient] DiscoveryClient.java:978 - Force full registry fetch : false
2019-07-24 09:24:51,393 [main] INFO  [com.netflix.discovery.DiscoveryClient] DiscoveryClient.java:979 - Application is null : false
2019-07-24 09:24:51,393 [main] INFO  [com.netflix.discovery.DiscoveryClient] DiscoveryClient.java:980 - Registered Applications size is zero : true
2019-07-24 09:24:51,393 [main] INFO  [com.netflix.discovery.DiscoveryClient] DiscoveryClient.java:982 - Application version is -1: true
2019-07-24 09:24:51,393 [main] INFO  [com.netflix.discovery.DiscoveryClient] DiscoveryClient.java:1065 - Getting all instance registry info from the eureka server
2019-07-24 09:24:51,484 [main] INFO  [com.netflix.discovery.DiscoveryClient] DiscoveryClient.java:1074 - The response status is 200
2019-07-24 09:24:51,485 [main] INFO  [com.netflix.discovery.DiscoveryClient] DiscoveryClient.java:1288 - Starting heartbeat executor: renew interval is: 30
2019-07-24 09:24:51,488 [main] INFO  [com.netflix.discovery.InstanceInfoReplicator] InstanceInfoReplicator.java:60 - InstanceInfoReplicator onDemand update allowed rate per min is 4
2019-07-24 09:24:51,489 [main] INFO  [com.netflix.discovery.DiscoveryClient] DiscoveryClient.java:465 - Discovery Client initialized at timestamp 1563931491489 with initial instances count: 2
2019-07-24 09:24:51,493 [main] INFO  [o.s.c.n.e.serviceregistry.EurekaServiceRegistry] EurekaServiceRegistry.java:41 - Registering application PIG-GATEWAY with eureka with status UP
2019-07-24 09:24:51,494 [main] INFO  [com.netflix.discovery.DiscoveryClient] DiscoveryClient.java:1323 - Saw local status change event StatusChangeEvent [timestamp=1563931491494, current=UP, previous=STARTING]
2019-07-24 09:24:51,496 [DiscoveryClient-InstanceInfoReplicator-0] INFO  [com.netflix.discovery.DiscoveryClient] DiscoveryClient.java:844 - DiscoveryClient_PIG-GATEWAY/192.168.0.159:pig-gateway:9999: registering service...
2019-07-24 09:24:51,532 [DiscoveryClient-InstanceInfoReplicator-0] INFO  [com.netflix.discovery.DiscoveryClient] DiscoveryClient.java:853 - DiscoveryClient_PIG-GATEWAY/192.168.0.159:pig-gateway:9999 - registration status: 204
2019-07-24 09:24:51,679 [main] INFO  [o.s.boot.web.embedded.netty.NettyWebServer] NettyWebServer.java:76 - Netty started on port(s): 9999
2019-07-24 09:24:51,680 [main] INFO  [o.s.c.n.e.s.EurekaAutoServiceRegistration] EurekaAutoServiceRegistration.java:145 - Updating port to 9999
2019-07-24 09:24:51,681 [main] INFO  [o.s.c.n.e.s.EurekaAutoServiceRegistration] EurekaAutoServiceRegistration.java:145 - Updating port to 9999
2019-07-24 09:24:51,682 [main] INFO  [com.pig4cloud.pig.gateway.PigGatewayApplication] StartupInfoLogger.java:59 - Started PigGatewayApplication in 7.805 seconds (JVM running for 8.62)
2019-07-24 09:24:51,945 [RMI TCP Connection(4)-127.0.0.1] INFO  [o.s.c.c.client.ConfigServicePropertySourceLocator] ConfigServicePropertySourceLocator.java:207 - Fetching config from server at : http://192.168.0.159:8888/
2019-07-24 09:24:52,022 [RMI TCP Connection(4)-127.0.0.1] INFO  [o.s.c.c.client.ConfigServicePropertySourceLocator] ConfigServicePropertySourceLocator.java:151 - Located environment: name=pig-gateway, profiles=[dev], label=null, version=null, state=null
2019-07-24 09:24:52,110 [parallel-1] INFO  [io.lettuce.core.EpollProvider] EpollProvider.java:68 - Starting without optional epoll library
2019-07-24 09:24:52,112 [parallel-1] INFO  [io.lettuce.core.KqueueProvider] KqueueProvider.java:70 - Starting without optional kqueue library
2019-07-24 09:24:52,693 [AsyncReporter{org.springframework.cloud.sleuth.zipkin2.sender.RestTemplateSender@7ca8f5d7}] INFO  [com.netflix.config.ChainedDynamicProperty] ChainedDynamicProperty.java:115 - Flipping property: pig-zipkin.ribbon.ActiveConnectionsLimit to use NEXT property: niws.loadbalancer.availabilityFilteringRule.activeConnectionsLimit = 2147483647
2019-07-24 09:24:52,722 [AsyncReporter{org.springframework.cloud.sleuth.zipkin2.sender.RestTemplateSender@7ca8f5d7}] INFO  [com.netflix.util.concurrent.ShutdownEnabledTimer] ShutdownEnabledTimer.java:58 - Shutdown hook installed for: NFLoadBalancer-PingTimer-pig-zipkin
2019-07-24 09:24:52,723 [AsyncReporter{org.springframework.cloud.sleuth.zipkin2.sender.RestTemplateSender@7ca8f5d7}] INFO  [com.netflix.loadbalancer.BaseLoadBalancer] BaseLoadBalancer.java:197 - Client: pig-zipkin instantiated a LoadBalancer: DynamicServerListLoadBalancer:{NFLoadBalancer:name=pig-zipkin,current list of Servers=[],Load balancer stats=Zone stats: {},Server stats: []}ServerList:null
2019-07-24 09:24:52,729 [AsyncReporter{org.springframework.cloud.sleuth.zipkin2.sender.RestTemplateSender@7ca8f5d7}] INFO  [c.n.loadbalancer.DynamicServerListLoadBalancer] DynamicServerListLoadBalancer.java:222 - Using serverListUpdater PollingServerListUpdater
2019-07-24 09:24:52,732 [AsyncReporter{org.springframework.cloud.sleuth.zipkin2.sender.RestTemplateSender@7ca8f5d7}] INFO  [c.n.loadbalancer.DynamicServerListLoadBalancer] DynamicServerListLoadBalancer.java:150 - DynamicServerListLoadBalancer for client pig-zipkin initialized: DynamicServerListLoadBalancer:{NFLoadBalancer:name=pig-zipkin,current list of Servers=[],Load balancer stats=Zone stats: {},Server stats: []}ServerList:org.springframework.cloud.netflix.ribbon.eureka.DomainExtractingServerList@57045500
2019-07-24 09:29:51,404 [AsyncResolver-bootstrap-executor-0] INFO  [c.n.d.shared.resolver.aws.ConfigClusterResolver] ConfigClusterResolver.java:43 - Resolving eureka endpoints via configuration
2019-07-24 09:34:51,414 [AsyncResolver-bootstrap-executor-0] INFO  [c.n.d.shared.resolver.aws.ConfigClusterResolver] ConfigClusterResolver.java:43 - Resolving eureka endpoints via configuration
2019-07-24 09:39:51,424 [AsyncResolver-bootstrap-executor-0] INFO  [c.n.d.shared.resolver.aws.ConfigClusterResolver] ConfigClusterResolver.java:43 - Resolving eureka endpoints via configuration
2019-07-24 09:44:51,434 [AsyncResolver-bootstrap-executor-0] INFO  [c.n.d.shared.resolver.aws.ConfigClusterResolver] ConfigClusterResolver.java:43 - Resolving eureka endpoints via configuration
2019-07-24 09:49:51,443 [AsyncResolver-bootstrap-executor-0] INFO  [c.n.d.shared.resolver.aws.ConfigClusterResolver] ConfigClusterResolver.java:43 - Resolving eureka endpoints via configuration
2019-07-24 09:54:51,453 [AsyncResolver-bootstrap-executor-0] INFO  [c.n.d.shared.resolver.aws.ConfigClusterResolver] ConfigClusterResolver.java:43 - Resolving eureka endpoints via configuration
2019-07-24 09:59:51,463 [AsyncResolver-bootstrap-executor-0] INFO  [c.n.d.shared.resolver.aws.ConfigClusterResolver] ConfigClusterResolver.java:43 - Resolving eureka endpoints via configuration
2019-07-24 10:04:51,473 [AsyncResolver-bootstrap-executor-0] INFO  [c.n.d.shared.resolver.aws.ConfigClusterResolver] ConfigClusterResolver.java:43 - Resolving eureka endpoints via configuration
2019-07-24 10:09:51,483 [AsyncResolver-bootstrap-executor-0] INFO  [c.n.d.shared.resolver.aws.ConfigClusterResolver] ConfigClusterResolver.java:43 - Resolving eureka endpoints via configuration
2019-07-24 10:14:51,493 [AsyncResolver-bootstrap-executor-0] INFO  [c.n.d.shared.resolver.aws.ConfigClusterResolver] ConfigClusterResolver.java:43 - Resolving eureka endpoints via configuration
2019-07-24 10:19:51,503 [AsyncResolver-bootstrap-executor-0] INFO  [c.n.d.shared.resolver.aws.ConfigClusterResolver] ConfigClusterResolver.java:43 - Resolving eureka endpoints via configuration
2019-07-24 10:24:51,513 [AsyncResolver-bootstrap-executor-0] INFO  [c.n.d.shared.resolver.aws.ConfigClusterResolver] ConfigClusterResolver.java:43 - Resolving eureka endpoints via configuration
2019-07-24 10:29:51,523 [AsyncResolver-bootstrap-executor-0] INFO  [c.n.d.shared.resolver.aws.ConfigClusterResolver] ConfigClusterResolver.java:43 - Resolving eureka endpoints via configuration
2019-07-24 10:34:51,533 [AsyncResolver-bootstrap-executor-0] INFO  [c.n.d.shared.resolver.aws.ConfigClusterResolver] ConfigClusterResolver.java:43 - Resolving eureka endpoints via configuration
2019-07-24 10:39:51,544 [AsyncResolver-bootstrap-executor-0] INFO  [c.n.d.shared.resolver.aws.ConfigClusterResolver] ConfigClusterResolver.java:43 - Resolving eureka endpoints via configuration
2019-07-24 10:44:51,554 [AsyncResolver-bootstrap-executor-0] INFO  [c.n.d.shared.resolver.aws.ConfigClusterResolver] ConfigClusterResolver.java:43 - Resolving eureka endpoints via configuration
2019-07-24 10:49:51,564 [AsyncResolver-bootstrap-executor-0] INFO  [c.n.d.shared.resolver.aws.ConfigClusterResolver] ConfigClusterResolver.java:43 - Resolving eureka endpoints via configuration
2019-07-24 10:54:51,574 [AsyncResolver-bootstrap-executor-0] INFO  [c.n.d.shared.resolver.aws.ConfigClusterResolver] ConfigClusterResolver.java:43 - Resolving eureka endpoints via configuration
2019-07-24 10:59:51,583 [AsyncResolver-bootstrap-executor-0] INFO  [c.n.d.shared.resolver.aws.ConfigClusterResolver] ConfigClusterResolver.java:43 - Resolving eureka endpoints via configuration
2019-07-24 11:04:51,593 [AsyncResolver-bootstrap-executor-0] INFO  [c.n.d.shared.resolver.aws.ConfigClusterResolver] ConfigClusterResolver.java:43 - Resolving eureka endpoints via configuration
2019-07-24 11:34:02,362 [main] INFO  [c.u.j.c.EnableEncryptablePropertiesBeanFactoryPostProcessor] EnableEncryptablePropertiesBeanFactoryPostProcessor.java:50 - Post-processing PropertySource instances
2019-07-24 11:34:02,443 [main] INFO  [c.u.j.EncryptablePropertySourceConverter] EncryptablePropertySourceConverter.java:38 - Converting PropertySource configurationProperties [org.springframework.boot.context.properties.source.ConfigurationPropertySourcesPropertySource] to AOP Proxy
2019-07-24 11:34:02,445 [main] INFO  [c.u.j.EncryptablePropertySourceConverter] EncryptablePropertySourceConverter.java:38 - Converting PropertySource gateway-properties [org.springframework.core.env.MapPropertySource] to EncryptableMapPropertySourceWrapper
2019-07-24 11:34:02,445 [main] INFO  [c.u.j.EncryptablePropertySourceConverter] EncryptablePropertySourceConverter.java:38 - Converting PropertySource bootstrap [org.springframework.core.env.MapPropertySource] to EncryptableMapPropertySourceWrapper
2019-07-24 11:34:02,445 [main] INFO  [c.u.j.EncryptablePropertySourceConverter] EncryptablePropertySourceConverter.java:38 - Converting PropertySource systemProperties [org.springframework.core.env.PropertiesPropertySource] to EncryptableMapPropertySourceWrapper
2019-07-24 11:34:02,445 [main] INFO  [c.u.j.EncryptablePropertySourceConverter] EncryptablePropertySourceConverter.java:38 - Converting PropertySource systemEnvironment [org.springframework.boot.env.SystemEnvironmentPropertySourceEnvironmentPostProcessor$OriginAwareSystemEnvironmentPropertySource] to EncryptableMapPropertySourceWrapper
2019-07-24 11:34:02,446 [main] INFO  [c.u.j.EncryptablePropertySourceConverter] EncryptablePropertySourceConverter.java:38 - Converting PropertySource random [org.springframework.boot.env.RandomValuePropertySource] to EncryptablePropertySourceWrapper
2019-07-24 11:34:02,446 [main] INFO  [c.u.j.EncryptablePropertySourceConverter] EncryptablePropertySourceConverter.java:38 - Converting PropertySource springCloudClientHostInfo [org.springframework.core.env.MapPropertySource] to EncryptableMapPropertySourceWrapper
2019-07-24 11:34:02,446 [main] INFO  [c.u.j.EncryptablePropertySourceConverter] EncryptablePropertySourceConverter.java:38 - Converting PropertySource applicationConfig: [classpath:/bootstrap.yml] [org.springframework.boot.env.OriginTrackedMapPropertySource] to EncryptableMapPropertySourceWrapper
2019-07-24 11:34:02,447 [main] INFO  [c.u.j.EncryptablePropertySourceConverter] EncryptablePropertySourceConverter.java:38 - Converting PropertySource defaultProperties [org.springframework.core.env.MapPropertySource] to EncryptableMapPropertySourceWrapper
2019-07-24 11:34:02,470 [main] INFO  [o.s.c.s.PostProcessorRegistrationDelegate$BeanPostProcessorChecker] PostProcessorRegistrationDelegate.java:330 - Bean 'org.springframework.cloud.autoconfigure.ConfigurationPropertiesRebinderAutoConfiguration' of type [org.springframework.cloud.autoconfigure.ConfigurationPropertiesRebinderAutoConfiguration$$EnhancerBySpringCGLIB$$cf164229] is not eligible for getting processed by all BeanPostProcessors (for example: not eligible for auto-proxying)
2019-07-24 11:34:02,529 [main] INFO  [c.u.j.filter.DefaultLazyPropertyFilter] DefaultLazyPropertyFilter.java:31 - Property Filter custom Bean not found with name 'encryptablePropertyFilter'. Initializing Default Property Filter
2019-07-24 11:34:02,533 [main] INFO  [c.u.j.resolver.DefaultLazyPropertyResolver] DefaultLazyPropertyResolver.java:31 - Property Resolver custom Bean not found with name 'encryptablePropertyResolver'. Initializing Default Property Resolver
2019-07-24 11:34:02,546 [main] INFO  [c.u.j.detector.DefaultLazyPropertyDetector] DefaultLazyPropertyDetector.java:30 - Property Detector custom Bean not found with name 'encryptablePropertyDetector'. Initializing Default Property Detector
2019-07-24 11:34:02,895 [main] INFO  [o.s.cloud.netflix.eureka.InstanceInfoFactory] InstanceInfoFactory.java:72 - Setting initial instance status as: STARTING
2019-07-24 11:34:03,038 [main] INFO  [com.netflix.discovery.DiscoveryClient] DiscoveryClient.java:365 - Initializing Eureka in region us-east-1
2019-07-24 11:34:03,573 [main] INFO  [c.n.discovery.provider.DiscoveryJerseyProvider] DiscoveryJerseyProvider.java:70 - Using JSON encoding codec LegacyJacksonJson
2019-07-24 11:34:03,574 [main] INFO  [c.n.discovery.provider.DiscoveryJerseyProvider] DiscoveryJerseyProvider.java:71 - Using JSON decoding codec LegacyJacksonJson
2019-07-24 11:34:03,690 [main] INFO  [c.n.discovery.provider.DiscoveryJerseyProvider] DiscoveryJerseyProvider.java:80 - Using XML encoding codec XStreamXml
2019-07-24 11:34:03,690 [main] INFO  [c.n.discovery.provider.DiscoveryJerseyProvider] DiscoveryJerseyProvider.java:81 - Using XML decoding codec XStreamXml
2019-07-24 11:34:03,895 [main] INFO  [c.n.d.shared.resolver.aws.ConfigClusterResolver] ConfigClusterResolver.java:43 - Resolving eureka endpoints via configuration
2019-07-24 11:34:03,931 [main] INFO  [com.netflix.discovery.DiscoveryClient] DiscoveryClient.java:976 - Disable delta property : false
2019-07-24 11:34:03,932 [main] INFO  [com.netflix.discovery.DiscoveryClient] DiscoveryClient.java:977 - Single vip registry refresh property : null
2019-07-24 11:34:03,932 [main] INFO  [com.netflix.discovery.DiscoveryClient] DiscoveryClient.java:978 - Force full registry fetch : false
2019-07-24 11:34:03,932 [main] INFO  [com.netflix.discovery.DiscoveryClient] DiscoveryClient.java:979 - Application is null : false
2019-07-24 11:34:03,932 [main] INFO  [com.netflix.discovery.DiscoveryClient] DiscoveryClient.java:980 - Registered Applications size is zero : true
2019-07-24 11:34:03,932 [main] INFO  [com.netflix.discovery.DiscoveryClient] DiscoveryClient.java:982 - Application version is -1: true
2019-07-24 11:34:03,933 [main] INFO  [com.netflix.discovery.DiscoveryClient] DiscoveryClient.java:1065 - Getting all instance registry info from the eureka server
2019-07-24 11:34:04,253 [main] INFO  [com.netflix.discovery.DiscoveryClient] DiscoveryClient.java:1074 - The response status is 200
2019-07-24 11:34:04,257 [main] INFO  [com.netflix.discovery.DiscoveryClient] DiscoveryClient.java:1335 - Not registering with Eureka server per configuration
2019-07-24 11:34:04,261 [main] INFO  [com.netflix.discovery.DiscoveryClient] DiscoveryClient.java:465 - Discovery Client initialized at timestamp 1563939244260 with initial instances count: 2
2019-07-24 11:34:04,291 [main] INFO  [o.s.c.n.e.serviceregistry.EurekaServiceRegistry] EurekaServiceRegistry.java:41 - Registering application PIG-GATEWAY with eureka with status UP
2019-07-24 11:34:04,659 [main] INFO  [c.u.j.c.EnableEncryptablePropertiesConfiguration] EnableEncryptablePropertiesConfiguration.java:69 - Bootstraping jasypt-string-boot auto configuration in context: pig-gateway-1
2019-07-24 11:34:04,660 [main] INFO  [com.pig4cloud.pig.gateway.PigGatewayApplication] SpringApplication.java:650 - The following profiles are active: dev
2019-07-24 11:34:05,437 [main] INFO  [o.s.d.r.config.RepositoryConfigurationDelegate] RepositoryConfigurationDelegate.java:244 - Multiple Spring Data modules found, entering strict repository configuration mode!
2019-07-24 11:34:05,439 [main] INFO  [o.s.d.r.config.RepositoryConfigurationDelegate] RepositoryConfigurationDelegate.java:126 - Bootstrapping Spring Data repositories in DEFAULT mode.
2019-07-24 11:34:05,460 [main] INFO  [o.s.d.r.config.RepositoryConfigurationDelegate] RepositoryConfigurationDelegate.java:182 - Finished Spring Data repository scanning in 11ms. Found 0 repository interfaces.
2019-07-24 11:34:05,499 [main] WARN  [o.springframework.boot.actuate.endpoint.EndpointId] EndpointId.java:131 - Endpoint ID 'service-registry' contains invalid characters, please migrate to a valid format.
2019-07-24 11:34:05,556 [main] WARN  [o.springframework.boot.actuate.endpoint.EndpointId] EndpointId.java:131 - Endpoint ID 'hystrix.stream' contains invalid characters, please migrate to a valid format.
2019-07-24 11:34:05,818 [main] INFO  [o.springframework.cloud.context.scope.GenericScope] GenericScope.java:295 - BeanFactory id=7c24ad7d-d73b-3dae-a417-5834c5a85a7d
2019-07-24 11:34:05,837 [main] INFO  [c.u.j.c.EnableEncryptablePropertiesBeanFactoryPostProcessor] EnableEncryptablePropertiesBeanFactoryPostProcessor.java:50 - Post-processing PropertySource instances
2019-07-24 11:34:05,863 [main] INFO  [c.u.j.EncryptablePropertySourceConverter] EncryptablePropertySourceConverter.java:38 - Converting PropertySource bootstrapProperties [org.springframework.core.env.CompositePropertySource] to EncryptableEnumerablePropertySourceWrapper
2019-07-24 11:34:05,863 [main] INFO  [c.u.j.EncryptablePropertySourceConverter] EncryptablePropertySourceConverter.java:38 - Converting PropertySource configurationProperties [org.springframework.boot.context.properties.source.ConfigurationPropertySourcesPropertySource] to AOP Proxy
2019-07-24 11:34:05,863 [main] INFO  [c.u.j.EncryptablePropertySourceConverter] EncryptablePropertySourceConverter.java:38 - Converting PropertySource gateway-properties [org.springframework.core.env.MapPropertySource] to EncryptableMapPropertySourceWrapper
2019-07-24 11:34:05,863 [main] INFO  [c.u.j.EncryptablePropertySourceConverter] EncryptablePropertySourceConverter.java:38 - Converting PropertySource systemProperties [org.springframework.core.env.PropertiesPropertySource] to EncryptableMapPropertySourceWrapper
2019-07-24 11:34:05,864 [main] INFO  [c.u.j.EncryptablePropertySourceConverter] EncryptablePropertySourceConverter.java:38 - Converting PropertySource systemEnvironment [org.springframework.boot.env.SystemEnvironmentPropertySourceEnvironmentPostProcessor$OriginAwareSystemEnvironmentPropertySource] to EncryptableMapPropertySourceWrapper
2019-07-24 11:34:05,864 [main] INFO  [c.u.j.EncryptablePropertySourceConverter] EncryptablePropertySourceConverter.java:38 - Converting PropertySource random [org.springframework.boot.env.RandomValuePropertySource] to EncryptablePropertySourceWrapper
2019-07-24 11:34:05,864 [main] INFO  [c.u.j.EncryptablePropertySourceConverter] EncryptablePropertySourceConverter.java:38 - Converting PropertySource springCloudClientHostInfo [org.springframework.core.env.MapPropertySource] to EncryptableMapPropertySourceWrapper
2019-07-24 11:34:05,865 [main] INFO  [c.u.j.EncryptablePropertySourceConverter] EncryptablePropertySourceConverter.java:38 - Converting PropertySource defaultProperties [org.springframework.core.env.MapPropertySource] to EncryptableMapPropertySourceWrapper
2019-07-24 11:34:05,879 [main] INFO  [c.u.j.filter.DefaultLazyPropertyFilter] DefaultLazyPropertyFilter.java:31 - Property Filter custom Bean not found with name 'encryptablePropertyFilter'. Initializing Default Property Filter
2019-07-24 11:34:06,270 [main] INFO  [o.s.c.s.PostProcessorRegistrationDelegate$BeanPostProcessorChecker] PostProcessorRegistrationDelegate.java:330 - Bean 'org.springframework.cloud.autoconfigure.ConfigurationPropertiesRebinderAutoConfiguration' of type [org.springframework.cloud.autoconfigure.ConfigurationPropertiesRebinderAutoConfiguration$$EnhancerBySpringCGLIB$$cf164229] is not eligible for getting processed by all BeanPostProcessors (for example: not eligible for auto-proxying)
2019-07-24 11:34:06,275 [main] INFO  [o.s.c.s.PostProcessorRegistrationDelegate$BeanPostProcessorChecker] PostProcessorRegistrationDelegate.java:330 - Bean 'org.springframework.cloud.sleuth.instrument.web.client.TraceWebClientAutoConfiguration$NettyConfiguration' of type [org.springframework.cloud.sleuth.instrument.web.client.TraceWebClientAutoConfiguration$NettyConfiguration$$EnhancerBySpringCGLIB$$b19269af] is not eligible for getting processed by all BeanPostProcessors (for example: not eligible for auto-proxying)
2019-07-24 11:34:06,431 [main] INFO  [c.u.j.resolver.DefaultLazyPropertyResolver] DefaultLazyPropertyResolver.java:31 - Property Resolver custom Bean not found with name 'encryptablePropertyResolver'. Initializing Default Property Resolver
2019-07-24 11:34:06,431 [main] INFO  [c.u.j.detector.DefaultLazyPropertyDetector] DefaultLazyPropertyDetector.java:30 - Property Detector custom Bean not found with name 'encryptablePropertyDetector'. Initializing Default Property Detector
2019-07-24 11:34:06,790 [main] WARN  [com.netflix.config.sources.URLConfigurationSource] URLConfigurationSource.java:121 - No URLs will be polled as dynamic configuration sources.
2019-07-24 11:34:06,791 [main] INFO  [com.netflix.config.sources.URLConfigurationSource] URLConfigurationSource.java:122 - To enable URLs as dynamic configuration sources, define System property archaius.configurationSource.additionalUrls or make config.properties available on classpath.
2019-07-24 11:34:06,795 [main] WARN  [com.netflix.config.sources.URLConfigurationSource] URLConfigurationSource.java:121 - No URLs will be polled as dynamic configuration sources.
2019-07-24 11:34:06,795 [main] INFO  [com.netflix.config.sources.URLConfigurationSource] URLConfigurationSource.java:122 - To enable URLs as dynamic configuration sources, define System property archaius.configurationSource.additionalUrls or make config.properties available on classpath.
2019-07-24 11:34:07,887 [main] INFO  [o.s.c.gateway.route.RouteDefinitionRouteLocator] RouteDefinitionRouteLocator.java:119 - Loaded RoutePredicateFactory [After]
2019-07-24 11:34:07,888 [main] INFO  [o.s.c.gateway.route.RouteDefinitionRouteLocator] RouteDefinitionRouteLocator.java:119 - Loaded RoutePredicateFactory [Before]
2019-07-24 11:34:07,888 [main] INFO  [o.s.c.gateway.route.RouteDefinitionRouteLocator] RouteDefinitionRouteLocator.java:119 - Loaded RoutePredicateFactory [Between]
2019-07-24 11:34:07,888 [main] INFO  [o.s.c.gateway.route.RouteDefinitionRouteLocator] RouteDefinitionRouteLocator.java:119 - Loaded RoutePredicateFactory [Cookie]
2019-07-24 11:34:07,888 [main] INFO  [o.s.c.gateway.route.RouteDefinitionRouteLocator] RouteDefinitionRouteLocator.java:119 - Loaded RoutePredicateFactory [Header]
2019-07-24 11:34:07,889 [main] INFO  [o.s.c.gateway.route.RouteDefinitionRouteLocator] RouteDefinitionRouteLocator.java:119 - Loaded RoutePredicateFactory [Host]
2019-07-24 11:34:07,889 [main] INFO  [o.s.c.gateway.route.RouteDefinitionRouteLocator] RouteDefinitionRouteLocator.java:119 - Loaded RoutePredicateFactory [Method]
2019-07-24 11:34:07,889 [main] INFO  [o.s.c.gateway.route.RouteDefinitionRouteLocator] RouteDefinitionRouteLocator.java:119 - Loaded RoutePredicateFactory [Path]
2019-07-24 11:34:07,889 [main] INFO  [o.s.c.gateway.route.RouteDefinitionRouteLocator] RouteDefinitionRouteLocator.java:119 - Loaded RoutePredicateFactory [Query]
2019-07-24 11:34:07,889 [main] INFO  [o.s.c.gateway.route.RouteDefinitionRouteLocator] RouteDefinitionRouteLocator.java:119 - Loaded RoutePredicateFactory [ReadBodyPredicateFactory]
2019-07-24 11:34:07,890 [main] INFO  [o.s.c.gateway.route.RouteDefinitionRouteLocator] RouteDefinitionRouteLocator.java:119 - Loaded RoutePredicateFactory [RemoteAddr]
2019-07-24 11:34:07,890 [main] INFO  [o.s.c.gateway.route.RouteDefinitionRouteLocator] RouteDefinitionRouteLocator.java:119 - Loaded RoutePredicateFactory [Weight]
2019-07-24 11:34:07,890 [main] INFO  [o.s.c.gateway.route.RouteDefinitionRouteLocator] RouteDefinitionRouteLocator.java:119 - Loaded RoutePredicateFactory [CloudFoundryRouteService]
2019-07-24 11:34:08,348 [main] INFO  [o.s.b.actuate.endpoint.web.EndpointLinksResolver] EndpointLinksResolver.java:58 - Exposing 21 endpoint(s) beneath base path '/actuator'
2019-07-24 11:34:09,147 [main] INFO  [com.netflix.discovery.DiscoveryClient] DiscoveryClient.java:906 - Shutting down DiscoveryClient ...
2019-07-24 11:34:09,153 [main] INFO  [com.netflix.discovery.DiscoveryClient] DiscoveryClient.java:929 - Completed shut down of DiscoveryClient
2019-07-24 11:34:09,574 [main] INFO  [o.s.cloud.netflix.eureka.InstanceInfoFactory] InstanceInfoFactory.java:72 - Setting initial instance status as: STARTING
2019-07-24 11:34:09,578 [main] INFO  [com.netflix.discovery.DiscoveryClient] DiscoveryClient.java:365 - Initializing Eureka in region us-east-1
2019-07-24 11:34:09,581 [main] INFO  [c.n.discovery.provider.DiscoveryJerseyProvider] DiscoveryJerseyProvider.java:70 - Using JSON encoding codec LegacyJacksonJson
2019-07-24 11:34:09,581 [main] INFO  [c.n.discovery.provider.DiscoveryJerseyProvider] DiscoveryJerseyProvider.java:71 - Using JSON decoding codec LegacyJacksonJson
2019-07-24 11:34:09,581 [main] INFO  [c.n.discovery.provider.DiscoveryJerseyProvider] DiscoveryJerseyProvider.java:80 - Using XML encoding codec XStreamXml
2019-07-24 11:34:09,581 [main] INFO  [c.n.discovery.provider.DiscoveryJerseyProvider] DiscoveryJerseyProvider.java:81 - Using XML decoding codec XStreamXml
2019-07-24 11:34:09,667 [main] INFO  [c.n.d.shared.resolver.aws.ConfigClusterResolver] ConfigClusterResolver.java:43 - Resolving eureka endpoints via configuration
2019-07-24 11:34:09,668 [main] INFO  [com.netflix.discovery.DiscoveryClient] DiscoveryClient.java:976 - Disable delta property : false
2019-07-24 11:34:09,668 [main] INFO  [com.netflix.discovery.DiscoveryClient] DiscoveryClient.java:977 - Single vip registry refresh property : null
2019-07-24 11:34:09,668 [main] INFO  [com.netflix.discovery.DiscoveryClient] DiscoveryClient.java:978 - Force full registry fetch : false
2019-07-24 11:34:09,668 [main] INFO  [com.netflix.discovery.DiscoveryClient] DiscoveryClient.java:979 - Application is null : false
2019-07-24 11:34:09,668 [main] INFO  [com.netflix.discovery.DiscoveryClient] DiscoveryClient.java:980 - Registered Applications size is zero : true
2019-07-24 11:34:09,669 [main] INFO  [com.netflix.discovery.DiscoveryClient] DiscoveryClient.java:982 - Application version is -1: true
2019-07-24 11:34:09,669 [main] INFO  [com.netflix.discovery.DiscoveryClient] DiscoveryClient.java:1065 - Getting all instance registry info from the eureka server
2019-07-24 11:34:09,763 [main] INFO  [com.netflix.discovery.DiscoveryClient] DiscoveryClient.java:1074 - The response status is 200
2019-07-24 11:34:09,764 [main] INFO  [com.netflix.discovery.DiscoveryClient] DiscoveryClient.java:1288 - Starting heartbeat executor: renew interval is: 30
2019-07-24 11:34:09,767 [main] INFO  [com.netflix.discovery.InstanceInfoReplicator] InstanceInfoReplicator.java:60 - InstanceInfoReplicator onDemand update allowed rate per min is 4
2019-07-24 11:34:09,768 [main] INFO  [com.netflix.discovery.DiscoveryClient] DiscoveryClient.java:465 - Discovery Client initialized at timestamp 1563939249768 with initial instances count: 2
2019-07-24 11:34:09,772 [main] INFO  [o.s.c.n.e.serviceregistry.EurekaServiceRegistry] EurekaServiceRegistry.java:41 - Registering application PIG-GATEWAY with eureka with status UP
2019-07-24 11:34:09,772 [main] INFO  [com.netflix.discovery.DiscoveryClient] DiscoveryClient.java:1323 - Saw local status change event StatusChangeEvent [timestamp=1563939249772, current=UP, previous=STARTING]
2019-07-24 11:34:09,775 [DiscoveryClient-InstanceInfoReplicator-0] INFO  [com.netflix.discovery.DiscoveryClient] DiscoveryClient.java:844 - DiscoveryClient_PIG-GATEWAY/192.168.0.159:pig-gateway:9999: registering service...
2019-07-24 11:34:09,808 [DiscoveryClient-InstanceInfoReplicator-0] INFO  [com.netflix.discovery.DiscoveryClient] DiscoveryClient.java:853 - DiscoveryClient_PIG-GATEWAY/192.168.0.159:pig-gateway:9999 - registration status: 204
2019-07-24 11:34:09,943 [main] INFO  [o.s.boot.web.embedded.netty.NettyWebServer] NettyWebServer.java:76 - Netty started on port(s): 9999
2019-07-24 11:34:09,945 [main] INFO  [o.s.c.n.e.s.EurekaAutoServiceRegistration] EurekaAutoServiceRegistration.java:145 - Updating port to 9999
2019-07-24 11:34:09,945 [main] INFO  [o.s.c.n.e.s.EurekaAutoServiceRegistration] EurekaAutoServiceRegistration.java:145 - Updating port to 9999
2019-07-24 11:34:09,946 [main] INFO  [com.pig4cloud.pig.gateway.PigGatewayApplication] StartupInfoLogger.java:59 - Started PigGatewayApplication in 8.717 seconds (JVM running for 9.625)
2019-07-24 11:34:10,501 [RMI TCP Connection(4)-127.0.0.1] INFO  [o.s.c.c.client.ConfigServicePropertySourceLocator] ConfigServicePropertySourceLocator.java:207 - Fetching config from server at : http://192.168.0.159:8888/
2019-07-24 11:34:10,575 [RMI TCP Connection(4)-127.0.0.1] INFO  [o.s.c.c.client.ConfigServicePropertySourceLocator] ConfigServicePropertySourceLocator.java:151 - Located environment: name=pig-gateway, profiles=[dev], label=null, version=null, state=null
2019-07-24 11:34:10,663 [parallel-1] INFO  [io.lettuce.core.EpollProvider] EpollProvider.java:68 - Starting without optional epoll library
2019-07-24 11:34:10,665 [parallel-1] INFO  [io.lettuce.core.KqueueProvider] KqueueProvider.java:70 - Starting without optional kqueue library
2019-07-24 11:34:11,915 [AsyncReporter{org.springframework.cloud.sleuth.zipkin2.sender.RestTemplateSender@47d7e4b6}] INFO  [com.netflix.config.ChainedDynamicProperty] ChainedDynamicProperty.java:115 - Flipping property: pig-zipkin.ribbon.ActiveConnectionsLimit to use NEXT property: niws.loadbalancer.availabilityFilteringRule.activeConnectionsLimit = 2147483647
2019-07-24 11:34:11,946 [AsyncReporter{org.springframework.cloud.sleuth.zipkin2.sender.RestTemplateSender@47d7e4b6}] INFO  [com.netflix.util.concurrent.ShutdownEnabledTimer] ShutdownEnabledTimer.java:58 - Shutdown hook installed for: NFLoadBalancer-PingTimer-pig-zipkin
2019-07-24 11:34:11,947 [AsyncReporter{org.springframework.cloud.sleuth.zipkin2.sender.RestTemplateSender@47d7e4b6}] INFO  [com.netflix.loadbalancer.BaseLoadBalancer] BaseLoadBalancer.java:197 - Client: pig-zipkin instantiated a LoadBalancer: DynamicServerListLoadBalancer:{NFLoadBalancer:name=pig-zipkin,current list of Servers=[],Load balancer stats=Zone stats: {},Server stats: []}ServerList:null
2019-07-24 11:34:11,953 [AsyncReporter{org.springframework.cloud.sleuth.zipkin2.sender.RestTemplateSender@47d7e4b6}] INFO  [c.n.loadbalancer.DynamicServerListLoadBalancer] DynamicServerListLoadBalancer.java:222 - Using serverListUpdater PollingServerListUpdater
2019-07-24 11:34:11,956 [AsyncReporter{org.springframework.cloud.sleuth.zipkin2.sender.RestTemplateSender@47d7e4b6}] INFO  [c.n.loadbalancer.DynamicServerListLoadBalancer] DynamicServerListLoadBalancer.java:150 - DynamicServerListLoadBalancer for client pig-zipkin initialized: DynamicServerListLoadBalancer:{NFLoadBalancer:name=pig-zipkin,current list of Servers=[],Load balancer stats=Zone stats: {},Server stats: []}ServerList:org.springframework.cloud.netflix.ribbon.eureka.DomainExtractingServerList@52cf25d3
2019-07-24 11:39:09,680 [AsyncResolver-bootstrap-executor-0] INFO  [c.n.d.shared.resolver.aws.ConfigClusterResolver] ConfigClusterResolver.java:43 - Resolving eureka endpoints via configuration
2019-07-24 11:43:38,988 [reactor-http-nio-4] INFO  [com.netflix.config.ChainedDynamicProperty] ChainedDynamicProperty.java:115 - Flipping property: pig-auth.ribbon.ActiveConnectionsLimit to use NEXT property: niws.loadbalancer.availabilityFilteringRule.activeConnectionsLimit = 2147483647
2019-07-24 11:43:38,990 [reactor-http-nio-4] INFO  [com.netflix.util.concurrent.ShutdownEnabledTimer] ShutdownEnabledTimer.java:58 - Shutdown hook installed for: NFLoadBalancer-PingTimer-pig-auth
2019-07-24 11:43:38,991 [reactor-http-nio-4] INFO  [com.netflix.loadbalancer.BaseLoadBalancer] BaseLoadBalancer.java:197 - Client: pig-auth instantiated a LoadBalancer: DynamicServerListLoadBalancer:{NFLoadBalancer:name=pig-auth,current list of Servers=[],Load balancer stats=Zone stats: {},Server stats: []}ServerList:null
2019-07-24 11:43:38,992 [reactor-http-nio-4] INFO  [c.n.loadbalancer.DynamicServerListLoadBalancer] DynamicServerListLoadBalancer.java:222 - Using serverListUpdater PollingServerListUpdater
2019-07-24 11:43:39,019 [reactor-http-nio-4] INFO  [com.netflix.config.ChainedDynamicProperty] ChainedDynamicProperty.java:115 - Flipping property: pig-auth.ribbon.ActiveConnectionsLimit to use NEXT property: niws.loadbalancer.availabilityFilteringRule.activeConnectionsLimit = 2147483647
2019-07-24 11:43:39,022 [reactor-http-nio-4] INFO  [c.n.loadbalancer.DynamicServerListLoadBalancer] DynamicServerListLoadBalancer.java:150 - DynamicServerListLoadBalancer for client pig-auth initialized: DynamicServerListLoadBalancer:{NFLoadBalancer:name=pig-auth,current list of Servers=[192.168.0.159:3000],Load balancer stats=Zone stats: {defaultzone=[Zone:defaultzone;	Instance count:1;	Active connections count: 0;	Circuit breaker tripped count: 0;	Active connections per server: 0.0;]
},Server stats: [[Server:192.168.0.159:3000;	Zone:defaultZone;	Total Requests:0;	Successive connection failure:0;	Total blackout seconds:0;	Last connection made:Thu Jan 01 08:00:00 CST 1970;	First connection made: Thu Jan 01 08:00:00 CST 1970;	Active Connections:0;	total failure count in last (1000) msecs:0;	average resp time:0.0;	90 percentile resp time:0.0;	95 percentile resp time:0.0;	min resp time:0.0;	max resp time:0.0;	stddev resp time:0.0]
]}ServerList:org.springframework.cloud.netflix.ribbon.eureka.DomainExtractingServerList@5660c0b3
2019-07-24 11:43:39,993 [PollingServerListUpdater-0] INFO  [com.netflix.config.ChainedDynamicProperty] ChainedDynamicProperty.java:115 - Flipping property: pig-auth.ribbon.ActiveConnectionsLimit to use NEXT property: niws.loadbalancer.availabilityFilteringRule.activeConnectionsLimit = 2147483647
2019-07-24 11:44:09,690 [AsyncResolver-bootstrap-executor-0] INFO  [c.n.d.shared.resolver.aws.ConfigClusterResolver] ConfigClusterResolver.java:43 - Resolving eureka endpoints via configuration
2019-07-24 11:49:09,699 [AsyncResolver-bootstrap-executor-0] INFO  [c.n.d.shared.resolver.aws.ConfigClusterResolver] ConfigClusterResolver.java:43 - Resolving eureka endpoints via configuration
2019-07-24 11:53:44,583 [lettuce-nioEventLoop-4-1] INFO  [com.netflix.config.ChainedDynamicProperty] ChainedDynamicProperty.java:115 - Flipping property: pig-upms.ribbon.ActiveConnectionsLimit to use NEXT property: niws.loadbalancer.availabilityFilteringRule.activeConnectionsLimit = 2147483647
2019-07-24 11:53:44,585 [lettuce-nioEventLoop-4-1] INFO  [com.netflix.util.concurrent.ShutdownEnabledTimer] ShutdownEnabledTimer.java:58 - Shutdown hook installed for: NFLoadBalancer-PingTimer-pig-upms
2019-07-24 11:53:44,586 [lettuce-nioEventLoop-4-1] INFO  [com.netflix.loadbalancer.BaseLoadBalancer] BaseLoadBalancer.java:197 - Client: pig-upms instantiated a LoadBalancer: DynamicServerListLoadBalancer:{NFLoadBalancer:name=pig-upms,current list of Servers=[],Load balancer stats=Zone stats: {},Server stats: []}ServerList:null
2019-07-24 11:53:44,587 [lettuce-nioEventLoop-4-1] INFO  [c.n.loadbalancer.DynamicServerListLoadBalancer] DynamicServerListLoadBalancer.java:222 - Using serverListUpdater PollingServerListUpdater
2019-07-24 11:53:44,589 [lettuce-nioEventLoop-4-1] INFO  [com.netflix.config.ChainedDynamicProperty] ChainedDynamicProperty.java:115 - Flipping property: pig-upms.ribbon.ActiveConnectionsLimit to use NEXT property: niws.loadbalancer.availabilityFilteringRule.activeConnectionsLimit = 2147483647
2019-07-24 11:53:44,590 [lettuce-nioEventLoop-4-1] INFO  [c.n.loadbalancer.DynamicServerListLoadBalancer] DynamicServerListLoadBalancer.java:150 - DynamicServerListLoadBalancer for client pig-upms initialized: DynamicServerListLoadBalancer:{NFLoadBalancer:name=pig-upms,current list of Servers=[192.168.0.159:4000],Load balancer stats=Zone stats: {defaultzone=[Zone:defaultzone;	Instance count:1;	Active connections count: 0;	Circuit breaker tripped count: 0;	Active connections per server: 0.0;]
},Server stats: [[Server:192.168.0.159:4000;	Zone:defaultZone;	Total Requests:0;	Successive connection failure:0;	Total blackout seconds:0;	Last connection made:Thu Jan 01 08:00:00 CST 1970;	First connection made: Thu Jan 01 08:00:00 CST 1970;	Active Connections:0;	total failure count in last (1000) msecs:0;	average resp time:0.0;	90 percentile resp time:0.0;	95 percentile resp time:0.0;	min resp time:0.0;	max resp time:0.0;	stddev resp time:0.0]
]}ServerList:org.springframework.cloud.netflix.ribbon.eureka.DomainExtractingServerList@34cd82f2
2019-07-24 11:53:45,589 [PollingServerListUpdater-0] INFO  [com.netflix.config.ChainedDynamicProperty] ChainedDynamicProperty.java:115 - Flipping property: pig-upms.ribbon.ActiveConnectionsLimit to use NEXT property: niws.loadbalancer.availabilityFilteringRule.activeConnectionsLimit = 2147483647
2019-07-24 11:54:09,709 [AsyncResolver-bootstrap-executor-0] INFO  [c.n.d.shared.resolver.aws.ConfigClusterResolver] ConfigClusterResolver.java:43 - Resolving eureka endpoints via configuration
2019-07-24 11:59:09,719 [AsyncResolver-bootstrap-executor-0] INFO  [c.n.d.shared.resolver.aws.ConfigClusterResolver] ConfigClusterResolver.java:43 - Resolving eureka endpoints via configuration
2019-07-24 12:04:09,729 [AsyncResolver-bootstrap-executor-0] INFO  [c.n.d.shared.resolver.aws.ConfigClusterResolver] ConfigClusterResolver.java:43 - Resolving eureka endpoints via configuration
2019-07-24 12:09:09,739 [AsyncResolver-bootstrap-executor-0] INFO  [c.n.d.shared.resolver.aws.ConfigClusterResolver] ConfigClusterResolver.java:43 - Resolving eureka endpoints via configuration
2019-07-24 12:14:09,749 [AsyncResolver-bootstrap-executor-0] INFO  [c.n.d.shared.resolver.aws.ConfigClusterResolver] ConfigClusterResolver.java:43 - Resolving eureka endpoints via configuration
2019-07-24 12:19:09,759 [AsyncResolver-bootstrap-executor-0] INFO  [c.n.d.shared.resolver.aws.ConfigClusterResolver] ConfigClusterResolver.java:43 - Resolving eureka endpoints via configuration
2019-07-24 12:24:09,769 [AsyncResolver-bootstrap-executor-0] INFO  [c.n.d.shared.resolver.aws.ConfigClusterResolver] ConfigClusterResolver.java:43 - Resolving eureka endpoints via configuration
2019-07-24 12:29:09,779 [AsyncResolver-bootstrap-executor-0] INFO  [c.n.d.shared.resolver.aws.ConfigClusterResolver] ConfigClusterResolver.java:43 - Resolving eureka endpoints via configuration
2019-07-24 12:34:09,789 [AsyncResolver-bootstrap-executor-0] INFO  [c.n.d.shared.resolver.aws.ConfigClusterResolver] ConfigClusterResolver.java:43 - Resolving eureka endpoints via configuration
2019-07-24 12:39:09,799 [AsyncResolver-bootstrap-executor-0] INFO  [c.n.d.shared.resolver.aws.ConfigClusterResolver] ConfigClusterResolver.java:43 - Resolving eureka endpoints via configuration
2019-07-24 12:44:09,809 [AsyncResolver-bootstrap-executor-0] INFO  [c.n.d.shared.resolver.aws.ConfigClusterResolver] ConfigClusterResolver.java:43 - Resolving eureka endpoints via configuration
2019-07-24 12:49:09,819 [AsyncResolver-bootstrap-executor-0] INFO  [c.n.d.shared.resolver.aws.ConfigClusterResolver] ConfigClusterResolver.java:43 - Resolving eureka endpoints via configuration
2019-07-24 12:54:09,829 [AsyncResolver-bootstrap-executor-0] INFO  [c.n.d.shared.resolver.aws.ConfigClusterResolver] ConfigClusterResolver.java:43 - Resolving eureka endpoints via configuration
2019-07-24 12:59:09,839 [AsyncResolver-bootstrap-executor-0] INFO  [c.n.d.shared.resolver.aws.ConfigClusterResolver] ConfigClusterResolver.java:43 - Resolving eureka endpoints via configuration
2019-07-24 13:04:09,849 [AsyncResolver-bootstrap-executor-0] INFO  [c.n.d.shared.resolver.aws.ConfigClusterResolver] ConfigClusterResolver.java:43 - Resolving eureka endpoints via configuration
2019-07-24 13:09:09,859 [AsyncResolver-bootstrap-executor-0] INFO  [c.n.d.shared.resolver.aws.ConfigClusterResolver] ConfigClusterResolver.java:43 - Resolving eureka endpoints via configuration
2019-07-24 13:14:09,869 [AsyncResolver-bootstrap-executor-0] INFO  [c.n.d.shared.resolver.aws.ConfigClusterResolver] ConfigClusterResolver.java:43 - Resolving eureka endpoints via configuration
2019-07-24 13:19:09,879 [AsyncResolver-bootstrap-executor-0] INFO  [c.n.d.shared.resolver.aws.ConfigClusterResolver] ConfigClusterResolver.java:43 - Resolving eureka endpoints via configuration
2019-07-24 13:24:09,889 [AsyncResolver-bootstrap-executor-0] INFO  [c.n.d.shared.resolver.aws.ConfigClusterResolver] ConfigClusterResolver.java:43 - Resolving eureka endpoints via configuration
2019-07-24 13:29:09,899 [AsyncResolver-bootstrap-executor-0] INFO  [c.n.d.shared.resolver.aws.ConfigClusterResolver] ConfigClusterResolver.java:43 - Resolving eureka endpoints via configuration
2019-07-24 13:34:09,909 [AsyncResolver-bootstrap-executor-0] INFO  [c.n.d.shared.resolver.aws.ConfigClusterResolver] ConfigClusterResolver.java:43 - Resolving eureka endpoints via configuration
2019-07-24 13:39:09,919 [AsyncResolver-bootstrap-executor-0] INFO  [c.n.d.shared.resolver.aws.ConfigClusterResolver] ConfigClusterResolver.java:43 - Resolving eureka endpoints via configuration
2019-07-24 13:40:23,300 [reactor-http-nio-2] INFO  [com.netflix.config.ChainedDynamicProperty] ChainedDynamicProperty.java:115 - Flipping property: pig-codegen.ribbon.ActiveConnectionsLimit to use NEXT property: niws.loadbalancer.availabilityFilteringRule.activeConnectionsLimit = 2147483647
2019-07-24 13:40:23,303 [reactor-http-nio-2] INFO  [com.netflix.util.concurrent.ShutdownEnabledTimer] ShutdownEnabledTimer.java:58 - Shutdown hook installed for: NFLoadBalancer-PingTimer-pig-codegen
2019-07-24 13:40:23,304 [reactor-http-nio-2] INFO  [com.netflix.loadbalancer.BaseLoadBalancer] BaseLoadBalancer.java:197 - Client: pig-codegen instantiated a LoadBalancer: DynamicServerListLoadBalancer:{NFLoadBalancer:name=pig-codegen,current list of Servers=[],Load balancer stats=Zone stats: {},Server stats: []}ServerList:null
2019-07-24 13:40:23,306 [reactor-http-nio-2] INFO  [c.n.loadbalancer.DynamicServerListLoadBalancer] DynamicServerListLoadBalancer.java:222 - Using serverListUpdater PollingServerListUpdater
2019-07-24 13:40:23,307 [reactor-http-nio-2] INFO  [c.n.loadbalancer.DynamicServerListLoadBalancer] DynamicServerListLoadBalancer.java:150 - DynamicServerListLoadBalancer for client pig-codegen initialized: DynamicServerListLoadBalancer:{NFLoadBalancer:name=pig-codegen,current list of Servers=[],Load balancer stats=Zone stats: {},Server stats: []}ServerList:org.springframework.cloud.netflix.ribbon.eureka.DomainExtractingServerList@4c708449
2019-07-24 13:41:54,314 [PollingServerListUpdater-1] INFO  [com.netflix.config.ChainedDynamicProperty] ChainedDynamicProperty.java:115 - Flipping property: pig-codegen.ribbon.ActiveConnectionsLimit to use NEXT property: niws.loadbalancer.availabilityFilteringRule.activeConnectionsLimit = 2147483647
2019-07-24 13:44:09,929 [AsyncResolver-bootstrap-executor-0] INFO  [c.n.d.shared.resolver.aws.ConfigClusterResolver] ConfigClusterResolver.java:43 - Resolving eureka endpoints via configuration
2019-07-24 13:44:43,473 [PollingServerListUpdater-0] INFO  [com.netflix.config.ChainedDynamicProperty] ChainedDynamicProperty.java:115 - Flipping property: pig-zipkin.ribbon.ActiveConnectionsLimit to use NEXT property: niws.loadbalancer.availabilityFilteringRule.activeConnectionsLimit = 2147483647
2019-07-24 13:44:57,728 [elastic-5] INFO  [o.s.c.c.client.ConfigServicePropertySourceLocator] ConfigServicePropertySourceLocator.java:207 - Fetching config from server at : http://192.168.0.159:8888/
2019-07-24 13:44:58,218 [elastic-5] INFO  [o.s.c.c.client.ConfigServicePropertySourceLocator] ConfigServicePropertySourceLocator.java:151 - Located environment: name=pig-gateway, profiles=[dev], label=null, version=null, state=null
2019-07-24 13:49:09,939 [AsyncResolver-bootstrap-executor-0] INFO  [c.n.d.shared.resolver.aws.ConfigClusterResolver] ConfigClusterResolver.java:43 - Resolving eureka endpoints via configuration
2019-07-24 13:50:15,908 [elastic-5] INFO  [o.s.c.c.client.ConfigServicePropertySourceLocator] ConfigServicePropertySourceLocator.java:207 - Fetching config from server at : http://192.168.0.159:8888/
2019-07-24 13:50:16,035 [elastic-5] INFO  [o.s.c.c.client.ConfigServicePropertySourceLocator] ConfigServicePropertySourceLocator.java:151 - Located environment: name=pig-gateway, profiles=[dev], label=null, version=null, state=null
2019-07-24 13:54:09,949 [AsyncResolver-bootstrap-executor-0] INFO  [c.n.d.shared.resolver.aws.ConfigClusterResolver] ConfigClusterResolver.java:43 - Resolving eureka endpoints via configuration
2019-07-24 13:55:15,919 [elastic-5] INFO  [o.s.c.c.client.ConfigServicePropertySourceLocator] ConfigServicePropertySourceLocator.java:207 - Fetching config from server at : http://192.168.0.159:8888/
2019-07-24 13:55:16,516 [elastic-5] INFO  [o.s.c.c.client.ConfigServicePropertySourceLocator] ConfigServicePropertySourceLocator.java:151 - Located environment: name=pig-gateway, profiles=[dev], label=null, version=null, state=null
