2019-07-24 09:19:53,430 [main] INFO  [c.u.j.c.EnableEncryptablePropertiesBeanFactoryPostProcessor] EnableEncryptablePropertiesBeanFactoryPostProcessor.java:50 - Post-processing PropertySource instances
2019-07-24 09:19:53,489 [main] INFO  [c.u.j.EncryptablePropertySourceConverter] EncryptablePropertySourceConverter.java:38 - Converting PropertySource configurationProperties [org.springframework.boot.context.properties.source.ConfigurationPropertySourcesPropertySource] to AOP Proxy
2019-07-24 09:19:53,491 [main] INFO  [c.u.j.EncryptablePropertySourceConverter] EncryptablePropertySourceConverter.java:38 - Converting PropertySource bootstrap [org.springframework.core.env.MapPropertySource] to EncryptableMapPropertySourceWrapper
2019-07-24 09:19:53,491 [main] INFO  [c.u.j.EncryptablePropertySourceConverter] EncryptablePropertySourceConverter.java:38 - Converting PropertySource systemProperties [org.springframework.core.env.PropertiesPropertySource] to EncryptableMapPropertySourceWrapper
2019-07-24 09:19:53,491 [main] INFO  [c.u.j.EncryptablePropertySourceConverter] EncryptablePropertySourceConverter.java:38 - Converting PropertySource systemEnvironment [org.springframework.boot.env.SystemEnvironmentPropertySourceEnvironmentPostProcessor$OriginAwareSystemEnvironmentPropertySource] to EncryptableMapPropertySourceWrapper
2019-07-24 09:19:53,492 [main] INFO  [c.u.j.EncryptablePropertySourceConverter] EncryptablePropertySourceConverter.java:38 - Converting PropertySource random [org.springframework.boot.env.RandomValuePropertySource] to EncryptablePropertySourceWrapper
2019-07-24 09:19:53,492 [main] INFO  [c.u.j.EncryptablePropertySourceConverter] EncryptablePropertySourceConverter.java:38 - Converting PropertySource configServerClient [org.springframework.core.env.MapPropertySource] to EncryptableMapPropertySourceWrapper
2019-07-24 09:19:53,492 [main] INFO  [c.u.j.EncryptablePropertySourceConverter] EncryptablePropertySourceConverter.java:38 - Converting PropertySource springCloudClientHostInfo [org.springframework.core.env.MapPropertySource] to EncryptableMapPropertySourceWrapper
2019-07-24 09:19:53,492 [main] INFO  [c.u.j.EncryptablePropertySourceConverter] EncryptablePropertySourceConverter.java:38 - Converting PropertySource applicationConfig: [classpath:/bootstrap.yml] [org.springframework.boot.env.OriginTrackedMapPropertySource] to EncryptableMapPropertySourceWrapper
2019-07-24 09:19:53,492 [main] INFO  [c.u.j.EncryptablePropertySourceConverter] EncryptablePropertySourceConverter.java:38 - Converting PropertySource defaultProperties [org.springframework.core.env.MapPropertySource] to EncryptableMapPropertySourceWrapper
2019-07-24 09:19:53,510 [main] INFO  [o.s.c.s.PostProcessorRegistrationDelegate$BeanPostProcessorChecker] PostProcessorRegistrationDelegate.java:330 - Bean 'org.springframework.cloud.autoconfigure.ConfigurationPropertiesRebinderAutoConfiguration' of type [org.springframework.cloud.autoconfigure.ConfigurationPropertiesRebinderAutoConfiguration$$EnhancerBySpringCGLIB$$74e2853c] is not eligible for getting processed by all BeanPostProcessors (for example: not eligible for auto-proxying)
2019-07-24 09:19:53,527 [main] INFO  [c.u.j.filter.DefaultLazyPropertyFilter] DefaultLazyPropertyFilter.java:31 - Property Filter custom Bean not found with name 'encryptablePropertyFilter'. Initializing Default Property Filter
2019-07-24 09:19:53,541 [main] INFO  [c.u.j.resolver.DefaultLazyPropertyResolver] DefaultLazyPropertyResolver.java:31 - Property Resolver custom Bean not found with name 'encryptablePropertyResolver'. Initializing Default Property Resolver
2019-07-24 09:19:53,543 [main] INFO  [c.u.j.detector.DefaultLazyPropertyDetector] DefaultLazyPropertyDetector.java:30 - Property Detector custom Bean not found with name 'encryptablePropertyDetector'. Initializing Default Property Detector
2019-07-24 11:33:14,415 [main] INFO  [c.u.j.c.EnableEncryptablePropertiesBeanFactoryPostProcessor] EnableEncryptablePropertiesBeanFactoryPostProcessor.java:50 - Post-processing PropertySource instances
2019-07-24 11:33:14,477 [main] INFO  [c.u.j.EncryptablePropertySourceConverter] EncryptablePropertySourceConverter.java:38 - Converting PropertySource configurationProperties [org.springframework.boot.context.properties.source.ConfigurationPropertySourcesPropertySource] to AOP Proxy
2019-07-24 11:33:14,478 [main] INFO  [c.u.j.EncryptablePropertySourceConverter] EncryptablePropertySourceConverter.java:38 - Converting PropertySource bootstrap [org.springframework.core.env.MapPropertySource] to EncryptableMapPropertySourceWrapper
2019-07-24 11:33:14,479 [main] INFO  [c.u.j.EncryptablePropertySourceConverter] EncryptablePropertySourceConverter.java:38 - Converting PropertySource systemProperties [org.springframework.core.env.PropertiesPropertySource] to EncryptableMapPropertySourceWrapper
2019-07-24 11:33:14,479 [main] INFO  [c.u.j.EncryptablePropertySourceConverter] EncryptablePropertySourceConverter.java:38 - Converting PropertySource systemEnvironment [org.springframework.boot.env.SystemEnvironmentPropertySourceEnvironmentPostProcessor$OriginAwareSystemEnvironmentPropertySource] to EncryptableMapPropertySourceWrapper
2019-07-24 11:33:14,479 [main] INFO  [c.u.j.EncryptablePropertySourceConverter] EncryptablePropertySourceConverter.java:38 - Converting PropertySource random [org.springframework.boot.env.RandomValuePropertySource] to EncryptablePropertySourceWrapper
2019-07-24 11:33:14,480 [main] INFO  [c.u.j.EncryptablePropertySourceConverter] EncryptablePropertySourceConverter.java:38 - Converting PropertySource configServerClient [org.springframework.core.env.MapPropertySource] to EncryptableMapPropertySourceWrapper
2019-07-24 11:33:14,480 [main] INFO  [c.u.j.EncryptablePropertySourceConverter] EncryptablePropertySourceConverter.java:38 - Converting PropertySource springCloudClientHostInfo [org.springframework.core.env.MapPropertySource] to EncryptableMapPropertySourceWrapper
2019-07-24 11:33:14,480 [main] INFO  [c.u.j.EncryptablePropertySourceConverter] EncryptablePropertySourceConverter.java:38 - Converting PropertySource applicationConfig: [classpath:/bootstrap.yml] [org.springframework.boot.env.OriginTrackedMapPropertySource] to EncryptableMapPropertySourceWrapper
2019-07-24 11:33:14,480 [main] INFO  [c.u.j.EncryptablePropertySourceConverter] EncryptablePropertySourceConverter.java:38 - Converting PropertySource defaultProperties [org.springframework.core.env.MapPropertySource] to EncryptableMapPropertySourceWrapper
2019-07-24 11:33:14,497 [main] INFO  [o.s.c.s.PostProcessorRegistrationDelegate$BeanPostProcessorChecker] PostProcessorRegistrationDelegate.java:330 - Bean 'org.springframework.cloud.autoconfigure.ConfigurationPropertiesRebinderAutoConfiguration' of type [org.springframework.cloud.autoconfigure.ConfigurationPropertiesRebinderAutoConfiguration$$EnhancerBySpringCGLIB$$9a87584c] is not eligible for getting processed by all BeanPostProcessors (for example: not eligible for auto-proxying)
2019-07-24 11:33:14,514 [main] INFO  [c.u.j.filter.DefaultLazyPropertyFilter] DefaultLazyPropertyFilter.java:31 - Property Filter custom Bean not found with name 'encryptablePropertyFilter'. Initializing Default Property Filter
2019-07-24 11:33:14,528 [main] INFO  [c.u.j.resolver.DefaultLazyPropertyResolver] DefaultLazyPropertyResolver.java:31 - Property Resolver custom Bean not found with name 'encryptablePropertyResolver'. Initializing Default Property Resolver
2019-07-24 11:33:14,530 [main] INFO  [c.u.j.detector.DefaultLazyPropertyDetector] DefaultLazyPropertyDetector.java:30 - Property Detector custom Bean not found with name 'encryptablePropertyDetector'. Initializing Default Property Detector
